2025-05-16 15:35:34,600 INFO  Logger.cs: 70 - 
--------------------------------------------------------------------------------
2025-05-16 15:35:34,736 INFO  Logger.cs: 71 - Logging commencing for SW2URDF exporter
2025-05-16 15:35:34,741 INFO  Logger.cs: 73 - Commit version 1.6.0-4-g7f85cfe
2025-05-16 15:35:34,743 INFO  Logger.cs: 74 - Build version 1.6.7995.38578
2025-05-16 15:35:34,752 INFO  SwAddin.cs: 192 - Attempting to connect to SW
2025-05-16 15:35:34,754 INFO  SwAddin.cs: 197 - Setting up callbacks
2025-05-16 15:35:34,758 INFO  SwAddin.cs: 201 - Setting up command manager
2025-05-16 15:35:34,762 INFO  SwAddin.cs: 204 - Adding command manager
2025-05-16 15:35:34,772 INFO  SwAddin.cs: 263 - Adding Assembly export to file menu
2025-05-16 15:35:34,777 INFO  SwAddin.cs: 272 - Adding Part export to file menu
2025-05-16 15:35:34,779 INFO  SwAddin.cs: 210 - Adding event handlers
2025-05-16 15:35:34,852 INFO  SwAddin.cs: 217 - Connecting plugin to SolidWorks
2025-05-16 15:40:54,780 INFO  SwAddin.cs: 294 - Assembly export called for file Main arena
2025-05-16 15:40:54,784 INFO  SwAddin.cs: 299 - Save is required
2025-05-16 15:40:54,787 INFO  SwAddin.cs: 313 - Saving assembly
2025-05-16 15:41:00,482 INFO  SwAddin.cs: 316 - Opening property manager
2025-05-16 15:41:00,549 INFO  ExportHelperExtension.cs: 1125 - Retrieving features of type [CoordSys] from Main arena
2025-05-16 15:41:00,610 INFO  ExportHelperExtension.cs: 1136 - Found 77 in Main arena
2025-05-16 15:41:00,617 INFO  ExportHelperExtension.cs: 1145 - Found 1 features of type [CoordSys] in Main arena
2025-05-16 15:41:00,620 INFO  ExportHelperExtension.cs: 1148 - Proceeding through assembly components
2025-05-16 15:41:00,627 INFO  ExportHelperExtension.cs: 1160 - 27 components to check
2025-05-16 15:41:00,635 INFO  ExportHelperExtension.cs: 1125 - Retrieving features of type [CoordSys] from Basketball net-2
2025-05-16 15:41:00,638 INFO  ExportHelperExtension.cs: 1136 - Found 34 in Basketball net-2
2025-05-16 15:41:00,643 INFO  ExportHelperExtension.cs: 1145 - Found 0 features of type [CoordSys] in Basketball net-2
2025-05-16 15:41:00,646 INFO  ExportHelperExtension.cs: 1125 - Retrieving features of type [CoordSys] from 137-20
2025-05-16 15:41:00,649 INFO  ExportHelperExtension.cs: 1136 - Found 34 in 137-20
2025-05-16 15:41:00,654 INFO  ExportHelperExtension.cs: 1145 - Found 0 features of type [CoordSys] in 137-20
2025-05-16 15:41:00,657 INFO  ExportHelperExtension.cs: 1125 - Retrieving features of type [CoordSys] from 137-24
2025-05-16 15:41:00,660 INFO  ExportHelperExtension.cs: 1136 - Found 34 in 137-24
2025-05-16 15:41:00,663 INFO  ExportHelperExtension.cs: 1145 - Found 0 features of type [CoordSys] in 137-24
2025-05-16 15:41:00,666 INFO  ExportHelperExtension.cs: 1125 - Retrieving features of type [CoordSys] from 137-9
2025-05-16 15:41:00,669 INFO  ExportHelperExtension.cs: 1136 - Found 34 in 137-9
2025-05-16 15:41:00,674 INFO  ExportHelperExtension.cs: 1145 - Found 0 features of type [CoordSys] in 137-9
2025-05-16 15:41:00,677 INFO  ExportHelperExtension.cs: 1125 - Retrieving features of type [CoordSys] from 137-8
2025-05-16 15:41:00,680 INFO  ExportHelperExtension.cs: 1136 - Found 34 in 137-8
2025-05-16 15:41:00,683 INFO  ExportHelperExtension.cs: 1145 - Found 0 features of type [CoordSys] in 137-8
2025-05-16 15:41:00,687 INFO  ExportHelperExtension.cs: 1125 - Retrieving features of type [CoordSys] from 137-10
2025-05-16 15:41:00,691 INFO  ExportHelperExtension.cs: 1136 - Found 34 in 137-10
2025-05-16 15:41:00,694 INFO  ExportHelperExtension.cs: 1145 - Found 0 features of type [CoordSys] in 137-10
2025-05-16 15:41:00,697 INFO  ExportHelperExtension.cs: 1125 - Retrieving features of type [CoordSys] from 137-19
2025-05-16 15:41:00,699 INFO  ExportHelperExtension.cs: 1136 - Found 34 in 137-19
2025-05-16 15:41:00,704 INFO  ExportHelperExtension.cs: 1145 - Found 0 features of type [CoordSys] in 137-19
2025-05-16 15:41:00,707 INFO  ExportHelperExtension.cs: 1125 - Retrieving features of type [CoordSys] from 137-11
2025-05-16 15:41:00,710 INFO  ExportHelperExtension.cs: 1136 - Found 34 in 137-11
2025-05-16 15:41:00,712 INFO  ExportHelperExtension.cs: 1145 - Found 0 features of type [CoordSys] in 137-11
2025-05-16 15:41:00,714 INFO  ExportHelperExtension.cs: 1125 - Retrieving features of type [CoordSys] from 137-21
2025-05-16 15:41:00,718 INFO  ExportHelperExtension.cs: 1136 - Found 34 in 137-21
2025-05-16 15:41:00,722 INFO  ExportHelperExtension.cs: 1145 - Found 0 features of type [CoordSys] in 137-21
2025-05-16 15:41:00,724 INFO  ExportHelperExtension.cs: 1125 - Retrieving features of type [CoordSys] from 137-22
2025-05-16 15:41:00,726 INFO  ExportHelperExtension.cs: 1136 - Found 34 in 137-22
2025-05-16 15:41:00,730 INFO  ExportHelperExtension.cs: 1145 - Found 0 features of type [CoordSys] in 137-22
2025-05-16 15:41:00,733 INFO  ExportHelperExtension.cs: 1125 - Retrieving features of type [CoordSys] from 137-27
2025-05-16 15:41:00,736 INFO  ExportHelperExtension.cs: 1136 - Found 34 in 137-27
2025-05-16 15:41:00,740 INFO  ExportHelperExtension.cs: 1145 - Found 0 features of type [CoordSys] in 137-27
2025-05-16 15:41:00,743 INFO  ExportHelperExtension.cs: 1125 - Retrieving features of type [CoordSys] from 137-31
2025-05-16 15:41:00,746 INFO  ExportHelperExtension.cs: 1136 - Found 34 in 137-31
2025-05-16 15:41:00,750 INFO  ExportHelperExtension.cs: 1145 - Found 0 features of type [CoordSys] in 137-31
2025-05-16 15:41:00,754 INFO  ExportHelperExtension.cs: 1125 - Retrieving features of type [CoordSys] from 137-25
2025-05-16 15:41:00,756 INFO  ExportHelperExtension.cs: 1136 - Found 34 in 137-25
2025-05-16 15:41:00,759 INFO  ExportHelperExtension.cs: 1145 - Found 0 features of type [CoordSys] in 137-25
2025-05-16 15:41:00,762 INFO  ExportHelperExtension.cs: 1125 - Retrieving features of type [CoordSys] from 137-30
2025-05-16 15:41:00,766 INFO  ExportHelperExtension.cs: 1136 - Found 34 in 137-30
2025-05-16 15:41:00,770 INFO  ExportHelperExtension.cs: 1145 - Found 0 features of type [CoordSys] in 137-30
2025-05-16 15:41:00,772 INFO  ExportHelperExtension.cs: 1125 - Retrieving features of type [CoordSys] from 137-26
2025-05-16 15:41:00,775 INFO  ExportHelperExtension.cs: 1136 - Found 34 in 137-26
2025-05-16 15:41:00,779 INFO  ExportHelperExtension.cs: 1145 - Found 0 features of type [CoordSys] in 137-26
2025-05-16 15:41:00,782 INFO  ExportHelperExtension.cs: 1125 - Retrieving features of type [CoordSys] from 137-32
2025-05-16 15:41:00,785 INFO  ExportHelperExtension.cs: 1136 - Found 34 in 137-32
2025-05-16 15:41:00,789 INFO  ExportHelperExtension.cs: 1145 - Found 0 features of type [CoordSys] in 137-32
2025-05-16 15:41:00,791 INFO  ExportHelperExtension.cs: 1125 - Retrieving features of type [CoordSys] from 137-29
2025-05-16 15:41:00,794 INFO  ExportHelperExtension.cs: 1136 - Found 34 in 137-29
2025-05-16 15:41:00,798 INFO  ExportHelperExtension.cs: 1145 - Found 0 features of type [CoordSys] in 137-29
2025-05-16 15:41:00,800 INFO  ExportHelperExtension.cs: 1125 - Retrieving features of type [CoordSys] from basketball hoop-1
2025-05-16 15:41:00,805 INFO  ExportHelperExtension.cs: 1136 - Found 58 in basketball hoop-1
2025-05-16 15:41:00,810 INFO  ExportHelperExtension.cs: 1145 - Found 0 features of type [CoordSys] in basketball hoop-1
2025-05-16 15:41:00,813 INFO  ExportHelperExtension.cs: 1125 - Retrieving features of type [CoordSys] from basketball hoop-2
2025-05-16 15:41:00,816 INFO  ExportHelperExtension.cs: 1136 - Found 58 in basketball hoop-2
2025-05-16 15:41:00,822 INFO  ExportHelperExtension.cs: 1145 - Found 0 features of type [CoordSys] in basketball hoop-2
2025-05-16 15:41:00,825 INFO  ExportHelperExtension.cs: 1125 - Retrieving features of type [CoordSys] from Rack-5
2025-05-16 15:41:00,828 INFO  ExportHelperExtension.cs: 1136 - Found 75 in Rack-5
2025-05-16 15:41:00,834 INFO  ExportHelperExtension.cs: 1145 - Found 0 features of type [CoordSys] in Rack-5
2025-05-16 15:41:00,837 INFO  ExportHelperExtension.cs: 1125 - Retrieving features of type [CoordSys] from 137-18
2025-05-16 15:41:00,840 INFO  ExportHelperExtension.cs: 1136 - Found 34 in 137-18
2025-05-16 15:41:00,844 INFO  ExportHelperExtension.cs: 1145 - Found 0 features of type [CoordSys] in 137-18
2025-05-16 15:41:00,847 INFO  ExportHelperExtension.cs: 1125 - Retrieving features of type [CoordSys] from 137-28
2025-05-16 15:41:00,850 INFO  ExportHelperExtension.cs: 1136 - Found 34 in 137-28
2025-05-16 15:41:00,854 INFO  ExportHelperExtension.cs: 1145 - Found 0 features of type [CoordSys] in 137-28
2025-05-16 15:41:00,856 INFO  ExportHelperExtension.cs: 1125 - Retrieving features of type [CoordSys] from Base-1
2025-05-16 15:41:00,860 INFO  ExportHelperExtension.cs: 1136 - Found 41 in Base-1
2025-05-16 15:41:00,865 INFO  ExportHelperExtension.cs: 1145 - Found 0 features of type [CoordSys] in Base-1
2025-05-16 15:41:00,869 INFO  ExportHelperExtension.cs: 1125 - Retrieving features of type [CoordSys] from Basketball net-1
2025-05-16 15:41:00,872 INFO  ExportHelperExtension.cs: 1136 - Found 34 in Basketball net-1
2025-05-16 15:41:00,876 INFO  ExportHelperExtension.cs: 1145 - Found 0 features of type [CoordSys] in Basketball net-1
2025-05-16 15:41:00,879 INFO  ExportHelperExtension.cs: 1125 - Retrieving features of type [CoordSys] from 137-23
2025-05-16 15:41:00,882 INFO  ExportHelperExtension.cs: 1136 - Found 34 in 137-23
2025-05-16 15:41:00,886 INFO  ExportHelperExtension.cs: 1145 - Found 0 features of type [CoordSys] in 137-23
2025-05-16 15:41:00,889 INFO  ExportHelperExtension.cs: 1125 - Retrieving features of type [CoordSys] from 137-7
2025-05-16 15:41:00,892 INFO  ExportHelperExtension.cs: 1136 - Found 34 in 137-7
2025-05-16 15:41:00,897 INFO  ExportHelperExtension.cs: 1145 - Found 0 features of type [CoordSys] in 137-7
2025-05-16 15:41:00,899 INFO  ExportHelperExtension.cs: 1125 - Retrieving features of type [CoordSys] from Rack-4
2025-05-16 15:41:00,903 INFO  ExportHelperExtension.cs: 1136 - Found 75 in Rack-4
2025-05-16 15:41:00,907 INFO  ExportHelperExtension.cs: 1145 - Found 0 features of type [CoordSys] in Rack-4
2025-05-16 15:41:00,909 INFO  ExportHelperExtension.cs: 1125 - Retrieving features of type [RefAxis] from Main arena
2025-05-16 15:41:00,912 INFO  ExportHelperExtension.cs: 1136 - Found 77 in Main arena
2025-05-16 15:41:00,915 INFO  ExportHelperExtension.cs: 1145 - Found 0 features of type [RefAxis] in Main arena
2025-05-16 15:41:00,918 INFO  ExportHelperExtension.cs: 1148 - Proceeding through assembly components
2025-05-16 15:41:00,921 INFO  ExportHelperExtension.cs: 1160 - 27 components to check
2025-05-16 15:41:00,923 INFO  ExportHelperExtension.cs: 1125 - Retrieving features of type [RefAxis] from Basketball net-2
2025-05-16 15:41:00,927 INFO  ExportHelperExtension.cs: 1136 - Found 34 in Basketball net-2
2025-05-16 15:41:00,931 INFO  ExportHelperExtension.cs: 1145 - Found 0 features of type [RefAxis] in Basketball net-2
2025-05-16 15:41:00,934 INFO  ExportHelperExtension.cs: 1125 - Retrieving features of type [RefAxis] from 137-20
2025-05-16 15:41:00,937 INFO  ExportHelperExtension.cs: 1136 - Found 34 in 137-20
2025-05-16 15:41:00,939 INFO  ExportHelperExtension.cs: 1145 - Found 0 features of type [RefAxis] in 137-20
2025-05-16 15:41:00,940 INFO  ExportHelperExtension.cs: 1125 - Retrieving features of type [RefAxis] from 137-24
2025-05-16 15:41:00,942 INFO  ExportHelperExtension.cs: 1136 - Found 34 in 137-24
2025-05-16 15:41:00,944 INFO  ExportHelperExtension.cs: 1145 - Found 0 features of type [RefAxis] in 137-24
2025-05-16 15:41:00,946 INFO  ExportHelperExtension.cs: 1125 - Retrieving features of type [RefAxis] from 137-9
2025-05-16 15:41:00,948 INFO  ExportHelperExtension.cs: 1136 - Found 34 in 137-9
2025-05-16 15:41:00,952 INFO  ExportHelperExtension.cs: 1145 - Found 0 features of type [RefAxis] in 137-9
2025-05-16 15:41:00,954 INFO  ExportHelperExtension.cs: 1125 - Retrieving features of type [RefAxis] from 137-8
2025-05-16 15:41:00,957 INFO  ExportHelperExtension.cs: 1136 - Found 34 in 137-8
2025-05-16 15:41:00,960 INFO  ExportHelperExtension.cs: 1145 - Found 0 features of type [RefAxis] in 137-8
2025-05-16 15:41:00,963 INFO  ExportHelperExtension.cs: 1125 - Retrieving features of type [RefAxis] from 137-10
2025-05-16 15:41:00,965 INFO  ExportHelperExtension.cs: 1136 - Found 34 in 137-10
2025-05-16 15:41:00,969 INFO  ExportHelperExtension.cs: 1145 - Found 0 features of type [RefAxis] in 137-10
2025-05-16 15:41:00,971 INFO  ExportHelperExtension.cs: 1125 - Retrieving features of type [RefAxis] from 137-19
2025-05-16 15:41:00,972 INFO  ExportHelperExtension.cs: 1136 - Found 34 in 137-19
2025-05-16 15:41:00,975 INFO  ExportHelperExtension.cs: 1145 - Found 0 features of type [RefAxis] in 137-19
2025-05-16 15:41:00,977 INFO  ExportHelperExtension.cs: 1125 - Retrieving features of type [RefAxis] from 137-11
2025-05-16 15:41:00,978 INFO  ExportHelperExtension.cs: 1136 - Found 34 in 137-11
2025-05-16 15:41:00,981 INFO  ExportHelperExtension.cs: 1145 - Found 0 features of type [RefAxis] in 137-11
2025-05-16 15:41:00,985 INFO  ExportHelperExtension.cs: 1125 - Retrieving features of type [RefAxis] from 137-21
2025-05-16 15:41:00,987 INFO  ExportHelperExtension.cs: 1136 - Found 34 in 137-21
2025-05-16 15:41:00,989 INFO  ExportHelperExtension.cs: 1145 - Found 0 features of type [RefAxis] in 137-21
2025-05-16 15:41:00,991 INFO  ExportHelperExtension.cs: 1125 - Retrieving features of type [RefAxis] from 137-22
2025-05-16 15:41:00,992 INFO  ExportHelperExtension.cs: 1136 - Found 34 in 137-22
2025-05-16 15:41:00,994 INFO  ExportHelperExtension.cs: 1145 - Found 0 features of type [RefAxis] in 137-22
2025-05-16 15:41:00,996 INFO  ExportHelperExtension.cs: 1125 - Retrieving features of type [RefAxis] from 137-27
2025-05-16 15:41:00,998 INFO  ExportHelperExtension.cs: 1136 - Found 34 in 137-27
2025-05-16 15:41:01,002 INFO  ExportHelperExtension.cs: 1145 - Found 0 features of type [RefAxis] in 137-27
2025-05-16 15:41:01,004 INFO  ExportHelperExtension.cs: 1125 - Retrieving features of type [RefAxis] from 137-31
2025-05-16 15:41:01,006 INFO  ExportHelperExtension.cs: 1136 - Found 34 in 137-31
2025-05-16 15:41:01,009 INFO  ExportHelperExtension.cs: 1145 - Found 0 features of type [RefAxis] in 137-31
2025-05-16 15:41:01,010 INFO  ExportHelperExtension.cs: 1125 - Retrieving features of type [RefAxis] from 137-25
2025-05-16 15:41:01,012 INFO  ExportHelperExtension.cs: 1136 - Found 34 in 137-25
2025-05-16 15:41:01,014 INFO  ExportHelperExtension.cs: 1145 - Found 0 features of type [RefAxis] in 137-25
2025-05-16 15:41:01,016 INFO  ExportHelperExtension.cs: 1125 - Retrieving features of type [RefAxis] from 137-30
2025-05-16 15:41:01,019 INFO  ExportHelperExtension.cs: 1136 - Found 34 in 137-30
2025-05-16 15:41:01,021 INFO  ExportHelperExtension.cs: 1145 - Found 0 features of type [RefAxis] in 137-30
2025-05-16 15:41:01,023 INFO  ExportHelperExtension.cs: 1125 - Retrieving features of type [RefAxis] from 137-26
2025-05-16 15:41:01,024 INFO  ExportHelperExtension.cs: 1136 - Found 34 in 137-26
2025-05-16 15:41:01,027 INFO  ExportHelperExtension.cs: 1145 - Found 0 features of type [RefAxis] in 137-26
2025-05-16 15:41:01,029 INFO  ExportHelperExtension.cs: 1125 - Retrieving features of type [RefAxis] from 137-32
2025-05-16 15:41:01,031 INFO  ExportHelperExtension.cs: 1136 - Found 34 in 137-32
2025-05-16 15:41:01,033 INFO  ExportHelperExtension.cs: 1145 - Found 0 features of type [RefAxis] in 137-32
2025-05-16 15:41:01,036 INFO  ExportHelperExtension.cs: 1125 - Retrieving features of type [RefAxis] from 137-29
2025-05-16 15:41:01,038 INFO  ExportHelperExtension.cs: 1136 - Found 34 in 137-29
2025-05-16 15:41:01,040 INFO  ExportHelperExtension.cs: 1145 - Found 0 features of type [RefAxis] in 137-29
2025-05-16 15:41:01,042 INFO  ExportHelperExtension.cs: 1125 - Retrieving features of type [RefAxis] from basketball hoop-1
2025-05-16 15:41:01,045 INFO  ExportHelperExtension.cs: 1136 - Found 58 in basketball hoop-1
2025-05-16 15:41:01,050 INFO  ExportHelperExtension.cs: 1145 - Found 0 features of type [RefAxis] in basketball hoop-1
2025-05-16 15:41:01,054 INFO  ExportHelperExtension.cs: 1125 - Retrieving features of type [RefAxis] from basketball hoop-2
2025-05-16 15:41:01,057 INFO  ExportHelperExtension.cs: 1136 - Found 58 in basketball hoop-2
2025-05-16 15:41:01,061 INFO  ExportHelperExtension.cs: 1145 - Found 0 features of type [RefAxis] in basketball hoop-2
2025-05-16 15:41:01,062 INFO  ExportHelperExtension.cs: 1125 - Retrieving features of type [RefAxis] from Rack-5
2025-05-16 15:41:01,065 INFO  ExportHelperExtension.cs: 1136 - Found 75 in Rack-5
2025-05-16 15:41:01,069 INFO  ExportHelperExtension.cs: 1145 - Found 0 features of type [RefAxis] in Rack-5
2025-05-16 15:41:01,071 INFO  ExportHelperExtension.cs: 1125 - Retrieving features of type [RefAxis] from 137-18
2025-05-16 15:41:01,073 INFO  ExportHelperExtension.cs: 1136 - Found 34 in 137-18
2025-05-16 15:41:01,076 INFO  ExportHelperExtension.cs: 1145 - Found 0 features of type [RefAxis] in 137-18
2025-05-16 15:41:01,078 INFO  ExportHelperExtension.cs: 1125 - Retrieving features of type [RefAxis] from 137-28
2025-05-16 15:41:01,080 INFO  ExportHelperExtension.cs: 1136 - Found 34 in 137-28
2025-05-16 15:41:01,104 INFO  ExportHelperExtension.cs: 1145 - Found 0 features of type [RefAxis] in 137-28
2025-05-16 15:41:01,106 INFO  ExportHelperExtension.cs: 1125 - Retrieving features of type [RefAxis] from Base-1
2025-05-16 15:41:01,917 INFO  ExportHelperExtension.cs: 1136 - Found 41 in Base-1
2025-05-16 15:41:01,920 INFO  ExportHelperExtension.cs: 1145 - Found 0 features of type [RefAxis] in Base-1
2025-05-16 15:41:01,921 INFO  ExportHelperExtension.cs: 1125 - Retrieving features of type [RefAxis] from Basketball net-1
2025-05-16 15:41:01,924 INFO  ExportHelperExtension.cs: 1136 - Found 34 in Basketball net-1
2025-05-16 15:41:01,928 INFO  ExportHelperExtension.cs: 1145 - Found 0 features of type [RefAxis] in Basketball net-1
2025-05-16 15:41:01,930 INFO  ExportHelperExtension.cs: 1125 - Retrieving features of type [RefAxis] from 137-23
2025-05-16 15:41:01,932 INFO  ExportHelperExtension.cs: 1136 - Found 34 in 137-23
2025-05-16 15:41:01,937 INFO  ExportHelperExtension.cs: 1145 - Found 0 features of type [RefAxis] in 137-23
2025-05-16 15:41:01,938 INFO  ExportHelperExtension.cs: 1125 - Retrieving features of type [RefAxis] from 137-7
2025-05-16 15:41:01,940 INFO  ExportHelperExtension.cs: 1136 - Found 34 in 137-7
2025-05-16 15:41:01,942 INFO  ExportHelperExtension.cs: 1145 - Found 0 features of type [RefAxis] in 137-7
2025-05-16 15:41:01,943 INFO  ExportHelperExtension.cs: 1125 - Retrieving features of type [RefAxis] from Rack-4
2025-05-16 15:41:01,946 INFO  ExportHelperExtension.cs: 1136 - Found 75 in Rack-4
2025-05-16 15:41:01,948 INFO  ExportHelperExtension.cs: 1145 - Found 0 features of type [RefAxis] in Rack-4
2025-05-16 15:41:07,640 INFO  SwAddin.cs: 339 - Loading config tree
2025-05-16 15:41:07,657 INFO  ExportPropertyManagerExtension.cs: 520 - Starting new configuration
2025-05-16 15:41:07,676 INFO  SwAddin.cs: 344 - Showing property manager
2025-05-16 15:41:55,664 INFO  ExportPropertyManager.cs: 1018 - OnComboboxSelectionChanged called. This method no longer throws an Exception. It just silently does nothing. Ok, except for this logging message
2025-05-16 15:41:59,848 INFO  ExportPropertyManager.cs: 422 - Configuration saved
2025-05-16 15:43:35,738 INFO  ExportHelperExtension.cs: 1125 - Retrieving features of type [CoordSys] from Main arena
2025-05-16 15:43:35,751 INFO  ExportHelperExtension.cs: 1136 - Found 78 in Main arena
2025-05-16 15:43:35,754 INFO  ExportHelperExtension.cs: 1145 - Found 1 features of type [CoordSys] in Main arena
2025-05-16 15:43:35,755 INFO  ExportHelperExtension.cs: 1148 - Proceeding through assembly components
2025-05-16 15:43:35,862 INFO  ExportHelperExtension.cs: 1160 - 27 components to check
2025-05-16 15:43:35,864 INFO  ExportHelperExtension.cs: 1125 - Retrieving features of type [CoordSys] from Basketball net-2
2025-05-16 15:43:35,867 INFO  ExportHelperExtension.cs: 1136 - Found 34 in Basketball net-2
2025-05-16 15:43:35,869 INFO  ExportHelperExtension.cs: 1145 - Found 0 features of type [CoordSys] in Basketball net-2
2025-05-16 15:43:35,870 INFO  ExportHelperExtension.cs: 1125 - Retrieving features of type [CoordSys] from 137-20
2025-05-16 15:43:35,872 INFO  ExportHelperExtension.cs: 1136 - Found 34 in 137-20
2025-05-16 15:43:35,875 INFO  ExportHelperExtension.cs: 1145 - Found 0 features of type [CoordSys] in 137-20
2025-05-16 15:43:35,877 INFO  ExportHelperExtension.cs: 1125 - Retrieving features of type [CoordSys] from 137-24
2025-05-16 15:43:35,878 INFO  ExportHelperExtension.cs: 1136 - Found 34 in 137-24
2025-05-16 15:43:35,881 INFO  ExportHelperExtension.cs: 1145 - Found 0 features of type [CoordSys] in 137-24
2025-05-16 15:43:35,884 INFO  ExportHelperExtension.cs: 1125 - Retrieving features of type [CoordSys] from 137-9
2025-05-16 15:43:35,886 INFO  ExportHelperExtension.cs: 1136 - Found 34 in 137-9
2025-05-16 15:43:35,888 INFO  ExportHelperExtension.cs: 1145 - Found 0 features of type [CoordSys] in 137-9
2025-05-16 15:43:35,889 INFO  ExportHelperExtension.cs: 1125 - Retrieving features of type [CoordSys] from 137-8
2025-05-16 15:43:35,891 INFO  ExportHelperExtension.cs: 1136 - Found 34 in 137-8
2025-05-16 15:43:35,893 INFO  ExportHelperExtension.cs: 1145 - Found 0 features of type [CoordSys] in 137-8
2025-05-16 15:43:35,895 INFO  ExportHelperExtension.cs: 1125 - Retrieving features of type [CoordSys] from 137-10
2025-05-16 15:43:35,898 INFO  ExportHelperExtension.cs: 1136 - Found 34 in 137-10
2025-05-16 15:43:35,901 INFO  ExportHelperExtension.cs: 1145 - Found 0 features of type [CoordSys] in 137-10
2025-05-16 15:43:35,902 INFO  ExportHelperExtension.cs: 1125 - Retrieving features of type [CoordSys] from 137-19
2025-05-16 15:43:35,904 INFO  ExportHelperExtension.cs: 1136 - Found 34 in 137-19
2025-05-16 15:43:35,906 INFO  ExportHelperExtension.cs: 1145 - Found 0 features of type [CoordSys] in 137-19
2025-05-16 15:43:35,908 INFO  ExportHelperExtension.cs: 1125 - Retrieving features of type [CoordSys] from 137-11
2025-05-16 15:43:35,910 INFO  ExportHelperExtension.cs: 1136 - Found 34 in 137-11
2025-05-16 15:43:35,912 INFO  ExportHelperExtension.cs: 1145 - Found 0 features of type [CoordSys] in 137-11
2025-05-16 15:43:35,915 INFO  ExportHelperExtension.cs: 1125 - Retrieving features of type [CoordSys] from 137-21
2025-05-16 15:43:35,916 INFO  ExportHelperExtension.cs: 1136 - Found 34 in 137-21
2025-05-16 15:43:35,919 INFO  ExportHelperExtension.cs: 1145 - Found 0 features of type [CoordSys] in 137-21
2025-05-16 15:43:35,920 INFO  ExportHelperExtension.cs: 1125 - Retrieving features of type [CoordSys] from 137-22
2025-05-16 15:43:35,922 INFO  ExportHelperExtension.cs: 1136 - Found 34 in 137-22
2025-05-16 15:43:35,924 INFO  ExportHelperExtension.cs: 1145 - Found 0 features of type [CoordSys] in 137-22
2025-05-16 15:43:35,926 INFO  ExportHelperExtension.cs: 1125 - Retrieving features of type [CoordSys] from 137-27
2025-05-16 15:43:35,927 INFO  ExportHelperExtension.cs: 1136 - Found 34 in 137-27
2025-05-16 15:43:35,930 INFO  ExportHelperExtension.cs: 1145 - Found 0 features of type [CoordSys] in 137-27
2025-05-16 15:43:35,932 INFO  ExportHelperExtension.cs: 1125 - Retrieving features of type [CoordSys] from 137-31
2025-05-16 15:43:35,934 INFO  ExportHelperExtension.cs: 1136 - Found 34 in 137-31
2025-05-16 15:43:35,936 INFO  ExportHelperExtension.cs: 1145 - Found 0 features of type [CoordSys] in 137-31
2025-05-16 15:43:35,938 INFO  ExportHelperExtension.cs: 1125 - Retrieving features of type [CoordSys] from 137-25
2025-05-16 15:43:35,940 INFO  ExportHelperExtension.cs: 1136 - Found 34 in 137-25
2025-05-16 15:43:35,942 INFO  ExportHelperExtension.cs: 1145 - Found 0 features of type [CoordSys] in 137-25
2025-05-16 15:43:35,944 INFO  ExportHelperExtension.cs: 1125 - Retrieving features of type [CoordSys] from 137-30
2025-05-16 15:43:35,945 INFO  ExportHelperExtension.cs: 1136 - Found 34 in 137-30
2025-05-16 15:43:35,948 INFO  ExportHelperExtension.cs: 1145 - Found 0 features of type [CoordSys] in 137-30
2025-05-16 15:43:35,950 INFO  ExportHelperExtension.cs: 1125 - Retrieving features of type [CoordSys] from 137-26
2025-05-16 15:43:35,952 INFO  ExportHelperExtension.cs: 1136 - Found 34 in 137-26
2025-05-16 15:43:35,954 INFO  ExportHelperExtension.cs: 1145 - Found 0 features of type [CoordSys] in 137-26
2025-05-16 15:43:35,956 INFO  ExportHelperExtension.cs: 1125 - Retrieving features of type [CoordSys] from 137-32
2025-05-16 15:43:35,957 INFO  ExportHelperExtension.cs: 1136 - Found 34 in 137-32
2025-05-16 15:43:35,960 INFO  ExportHelperExtension.cs: 1145 - Found 0 features of type [CoordSys] in 137-32
2025-05-16 15:43:35,961 INFO  ExportHelperExtension.cs: 1125 - Retrieving features of type [CoordSys] from 137-29
2025-05-16 15:43:35,963 INFO  ExportHelperExtension.cs: 1136 - Found 34 in 137-29
2025-05-16 15:43:35,966 INFO  ExportHelperExtension.cs: 1145 - Found 0 features of type [CoordSys] in 137-29
2025-05-16 15:43:35,968 INFO  ExportHelperExtension.cs: 1125 - Retrieving features of type [CoordSys] from basketball hoop-1
2025-05-16 15:43:35,970 INFO  ExportHelperExtension.cs: 1136 - Found 58 in basketball hoop-1
2025-05-16 15:43:35,973 INFO  ExportHelperExtension.cs: 1145 - Found 0 features of type [CoordSys] in basketball hoop-1
2025-05-16 15:43:35,974 INFO  ExportHelperExtension.cs: 1125 - Retrieving features of type [CoordSys] from basketball hoop-2
2025-05-16 15:43:35,976 INFO  ExportHelperExtension.cs: 1136 - Found 58 in basketball hoop-2
2025-05-16 15:43:35,979 INFO  ExportHelperExtension.cs: 1145 - Found 0 features of type [CoordSys] in basketball hoop-2
2025-05-16 15:43:35,981 INFO  ExportHelperExtension.cs: 1125 - Retrieving features of type [CoordSys] from Rack-5
2025-05-16 15:43:35,984 INFO  ExportHelperExtension.cs: 1136 - Found 75 in Rack-5
2025-05-16 15:43:35,986 INFO  ExportHelperExtension.cs: 1145 - Found 0 features of type [CoordSys] in Rack-5
2025-05-16 15:43:35,988 INFO  ExportHelperExtension.cs: 1125 - Retrieving features of type [CoordSys] from 137-18
2025-05-16 15:43:35,990 INFO  ExportHelperExtension.cs: 1136 - Found 34 in 137-18
2025-05-16 15:43:35,992 INFO  ExportHelperExtension.cs: 1145 - Found 0 features of type [CoordSys] in 137-18
2025-05-16 15:43:35,994 INFO  ExportHelperExtension.cs: 1125 - Retrieving features of type [CoordSys] from 137-28
2025-05-16 15:43:35,996 INFO  ExportHelperExtension.cs: 1136 - Found 34 in 137-28
2025-05-16 15:43:35,999 INFO  ExportHelperExtension.cs: 1145 - Found 0 features of type [CoordSys] in 137-28
2025-05-16 15:43:36,001 INFO  ExportHelperExtension.cs: 1125 - Retrieving features of type [CoordSys] from Base-1
2025-05-16 15:43:36,003 INFO  ExportHelperExtension.cs: 1136 - Found 41 in Base-1
2025-05-16 15:43:36,005 INFO  ExportHelperExtension.cs: 1145 - Found 0 features of type [CoordSys] in Base-1
2025-05-16 15:43:36,007 INFO  ExportHelperExtension.cs: 1125 - Retrieving features of type [CoordSys] from Basketball net-1
2025-05-16 15:43:36,009 INFO  ExportHelperExtension.cs: 1136 - Found 34 in Basketball net-1
2025-05-16 15:43:36,011 INFO  ExportHelperExtension.cs: 1145 - Found 0 features of type [CoordSys] in Basketball net-1
2025-05-16 15:43:36,013 INFO  ExportHelperExtension.cs: 1125 - Retrieving features of type [CoordSys] from 137-23
2025-05-16 15:43:36,016 INFO  ExportHelperExtension.cs: 1136 - Found 34 in 137-23
2025-05-16 15:43:36,018 INFO  ExportHelperExtension.cs: 1145 - Found 0 features of type [CoordSys] in 137-23
2025-05-16 15:43:36,019 INFO  ExportHelperExtension.cs: 1125 - Retrieving features of type [CoordSys] from 137-7
2025-05-16 15:43:36,021 INFO  ExportHelperExtension.cs: 1136 - Found 34 in 137-7
2025-05-16 15:43:36,023 INFO  ExportHelperExtension.cs: 1145 - Found 0 features of type [CoordSys] in 137-7
2025-05-16 15:43:36,025 INFO  ExportHelperExtension.cs: 1125 - Retrieving features of type [CoordSys] from Rack-4
2025-05-16 15:43:36,027 INFO  ExportHelperExtension.cs: 1136 - Found 75 in Rack-4
2025-05-16 15:43:36,030 INFO  ExportHelperExtension.cs: 1145 - Found 0 features of type [CoordSys] in Rack-4
2025-05-16 15:43:36,032 INFO  ExportHelperExtension.cs: 1125 - Retrieving features of type [RefAxis] from Main arena
2025-05-16 15:43:36,034 INFO  ExportHelperExtension.cs: 1136 - Found 78 in Main arena
2025-05-16 15:43:36,037 INFO  ExportHelperExtension.cs: 1145 - Found 0 features of type [RefAxis] in Main arena
2025-05-16 15:43:36,038 INFO  ExportHelperExtension.cs: 1148 - Proceeding through assembly components
2025-05-16 15:43:36,040 INFO  ExportHelperExtension.cs: 1160 - 27 components to check
2025-05-16 15:43:36,042 INFO  ExportHelperExtension.cs: 1125 - Retrieving features of type [RefAxis] from Basketball net-2
2025-05-16 15:43:36,044 INFO  ExportHelperExtension.cs: 1136 - Found 34 in Basketball net-2
2025-05-16 15:43:36,046 INFO  ExportHelperExtension.cs: 1145 - Found 0 features of type [RefAxis] in Basketball net-2
2025-05-16 15:43:36,048 INFO  ExportHelperExtension.cs: 1125 - Retrieving features of type [RefAxis] from 137-20
2025-05-16 15:43:36,050 INFO  ExportHelperExtension.cs: 1136 - Found 34 in 137-20
2025-05-16 15:43:36,052 INFO  ExportHelperExtension.cs: 1145 - Found 0 features of type [RefAxis] in 137-20
2025-05-16 15:43:36,054 INFO  ExportHelperExtension.cs: 1125 - Retrieving features of type [RefAxis] from 137-24
2025-05-16 15:43:36,056 INFO  ExportHelperExtension.cs: 1136 - Found 34 in 137-24
2025-05-16 15:43:36,058 INFO  ExportHelperExtension.cs: 1145 - Found 0 features of type [RefAxis] in 137-24
2025-05-16 15:43:36,060 INFO  ExportHelperExtension.cs: 1125 - Retrieving features of type [RefAxis] from 137-9
2025-05-16 15:43:36,061 INFO  ExportHelperExtension.cs: 1136 - Found 34 in 137-9
2025-05-16 15:43:36,065 INFO  ExportHelperExtension.cs: 1145 - Found 0 features of type [RefAxis] in 137-9
2025-05-16 15:43:36,066 INFO  ExportHelperExtension.cs: 1125 - Retrieving features of type [RefAxis] from 137-8
2025-05-16 15:43:36,068 INFO  ExportHelperExtension.cs: 1136 - Found 34 in 137-8
2025-05-16 15:43:36,070 INFO  ExportHelperExtension.cs: 1145 - Found 0 features of type [RefAxis] in 137-8
2025-05-16 15:43:36,072 INFO  ExportHelperExtension.cs: 1125 - Retrieving features of type [RefAxis] from 137-10
2025-05-16 15:43:36,074 INFO  ExportHelperExtension.cs: 1136 - Found 34 in 137-10
2025-05-16 15:43:36,076 INFO  ExportHelperExtension.cs: 1145 - Found 0 features of type [RefAxis] in 137-10
2025-05-16 15:43:36,078 INFO  ExportHelperExtension.cs: 1125 - Retrieving features of type [RefAxis] from 137-19
2025-05-16 15:43:36,079 INFO  ExportHelperExtension.cs: 1136 - Found 34 in 137-19
2025-05-16 15:43:36,082 INFO  ExportHelperExtension.cs: 1145 - Found 0 features of type [RefAxis] in 137-19
2025-05-16 15:43:36,084 INFO  ExportHelperExtension.cs: 1125 - Retrieving features of type [RefAxis] from 137-11
2025-05-16 15:43:36,086 INFO  ExportHelperExtension.cs: 1136 - Found 34 in 137-11
2025-05-16 15:43:36,088 INFO  ExportHelperExtension.cs: 1145 - Found 0 features of type [RefAxis] in 137-11
2025-05-16 15:43:36,090 INFO  ExportHelperExtension.cs: 1125 - Retrieving features of type [RefAxis] from 137-21
2025-05-16 15:43:36,092 INFO  ExportHelperExtension.cs: 1136 - Found 34 in 137-21
2025-05-16 15:43:36,109 INFO  ExportHelperExtension.cs: 1145 - Found 0 features of type [RefAxis] in 137-21
2025-05-16 15:43:36,111 INFO  ExportHelperExtension.cs: 1125 - Retrieving features of type [RefAxis] from 137-22
2025-05-16 15:43:36,113 INFO  ExportHelperExtension.cs: 1136 - Found 34 in 137-22
2025-05-16 15:43:36,116 INFO  ExportHelperExtension.cs: 1145 - Found 0 features of type [RefAxis] in 137-22
2025-05-16 15:43:36,118 INFO  ExportHelperExtension.cs: 1125 - Retrieving features of type [RefAxis] from 137-27
2025-05-16 15:43:36,119 INFO  ExportHelperExtension.cs: 1136 - Found 34 in 137-27
2025-05-16 15:43:36,121 INFO  ExportHelperExtension.cs: 1145 - Found 0 features of type [RefAxis] in 137-27
2025-05-16 15:43:36,123 INFO  ExportHelperExtension.cs: 1125 - Retrieving features of type [RefAxis] from 137-31
2025-05-16 15:43:36,125 INFO  ExportHelperExtension.cs: 1136 - Found 34 in 137-31
2025-05-16 15:43:36,127 INFO  ExportHelperExtension.cs: 1145 - Found 0 features of type [RefAxis] in 137-31
2025-05-16 15:43:36,129 INFO  ExportHelperExtension.cs: 1125 - Retrieving features of type [RefAxis] from 137-25
2025-05-16 15:43:36,131 INFO  ExportHelperExtension.cs: 1136 - Found 34 in 137-25
2025-05-16 15:43:36,134 INFO  ExportHelperExtension.cs: 1145 - Found 0 features of type [RefAxis] in 137-25
2025-05-16 15:43:36,135 INFO  ExportHelperExtension.cs: 1125 - Retrieving features of type [RefAxis] from 137-30
2025-05-16 15:43:36,137 INFO  ExportHelperExtension.cs: 1136 - Found 34 in 137-30
2025-05-16 15:43:36,139 INFO  ExportHelperExtension.cs: 1145 - Found 0 features of type [RefAxis] in 137-30
2025-05-16 15:43:36,141 INFO  ExportHelperExtension.cs: 1125 - Retrieving features of type [RefAxis] from 137-26
2025-05-16 15:43:36,143 INFO  ExportHelperExtension.cs: 1136 - Found 34 in 137-26
2025-05-16 15:43:36,145 INFO  ExportHelperExtension.cs: 1145 - Found 0 features of type [RefAxis] in 137-26
2025-05-16 15:43:36,146 INFO  ExportHelperExtension.cs: 1125 - Retrieving features of type [RefAxis] from 137-32
2025-05-16 15:43:36,149 INFO  ExportHelperExtension.cs: 1136 - Found 34 in 137-32
2025-05-16 15:43:36,151 INFO  ExportHelperExtension.cs: 1145 - Found 0 features of type [RefAxis] in 137-32
2025-05-16 15:43:36,153 INFO  ExportHelperExtension.cs: 1125 - Retrieving features of type [RefAxis] from 137-29
2025-05-16 15:43:36,154 INFO  ExportHelperExtension.cs: 1136 - Found 34 in 137-29
2025-05-16 15:43:36,156 INFO  ExportHelperExtension.cs: 1145 - Found 0 features of type [RefAxis] in 137-29
2025-05-16 15:43:36,158 INFO  ExportHelperExtension.cs: 1125 - Retrieving features of type [RefAxis] from basketball hoop-1
2025-05-16 15:43:36,169 INFO  ExportHelperExtension.cs: 1136 - Found 58 in basketball hoop-1
2025-05-16 15:43:36,172 INFO  ExportHelperExtension.cs: 1145 - Found 0 features of type [RefAxis] in basketball hoop-1
2025-05-16 15:43:36,174 INFO  ExportHelperExtension.cs: 1125 - Retrieving features of type [RefAxis] from basketball hoop-2
2025-05-16 15:43:36,175 INFO  ExportHelperExtension.cs: 1136 - Found 58 in basketball hoop-2
2025-05-16 15:43:36,178 INFO  ExportHelperExtension.cs: 1145 - Found 0 features of type [RefAxis] in basketball hoop-2
2025-05-16 15:43:36,180 INFO  ExportHelperExtension.cs: 1125 - Retrieving features of type [RefAxis] from Rack-5
2025-05-16 15:43:36,184 INFO  ExportHelperExtension.cs: 1136 - Found 75 in Rack-5
2025-05-16 15:43:36,189 INFO  ExportHelperExtension.cs: 1145 - Found 0 features of type [RefAxis] in Rack-5
2025-05-16 15:43:36,191 INFO  ExportHelperExtension.cs: 1125 - Retrieving features of type [RefAxis] from 137-18
2025-05-16 15:43:36,193 INFO  ExportHelperExtension.cs: 1136 - Found 34 in 137-18
2025-05-16 15:43:36,195 INFO  ExportHelperExtension.cs: 1145 - Found 0 features of type [RefAxis] in 137-18
2025-05-16 15:43:36,196 INFO  ExportHelperExtension.cs: 1125 - Retrieving features of type [RefAxis] from 137-28
2025-05-16 15:43:36,199 INFO  ExportHelperExtension.cs: 1136 - Found 34 in 137-28
2025-05-16 15:43:36,201 INFO  ExportHelperExtension.cs: 1145 - Found 0 features of type [RefAxis] in 137-28
2025-05-16 15:43:36,203 INFO  ExportHelperExtension.cs: 1125 - Retrieving features of type [RefAxis] from Base-1
2025-05-16 15:43:36,205 INFO  ExportHelperExtension.cs: 1136 - Found 41 in Base-1
2025-05-16 15:43:36,207 INFO  ExportHelperExtension.cs: 1145 - Found 0 features of type [RefAxis] in Base-1
2025-05-16 15:43:36,209 INFO  ExportHelperExtension.cs: 1125 - Retrieving features of type [RefAxis] from Basketball net-1
2025-05-16 15:43:36,211 INFO  ExportHelperExtension.cs: 1136 - Found 34 in Basketball net-1
2025-05-16 15:43:36,213 INFO  ExportHelperExtension.cs: 1145 - Found 0 features of type [RefAxis] in Basketball net-1
2025-05-16 15:43:36,215 INFO  ExportHelperExtension.cs: 1125 - Retrieving features of type [RefAxis] from 137-23
2025-05-16 15:43:36,217 INFO  ExportHelperExtension.cs: 1136 - Found 34 in 137-23
2025-05-16 15:43:36,219 INFO  ExportHelperExtension.cs: 1145 - Found 0 features of type [RefAxis] in 137-23
2025-05-16 15:43:36,221 INFO  ExportHelperExtension.cs: 1125 - Retrieving features of type [RefAxis] from 137-7
2025-05-16 15:43:36,223 INFO  ExportHelperExtension.cs: 1136 - Found 34 in 137-7
2025-05-16 15:43:36,225 INFO  ExportHelperExtension.cs: 1145 - Found 0 features of type [RefAxis] in 137-7
2025-05-16 15:43:36,226 INFO  ExportHelperExtension.cs: 1125 - Retrieving features of type [RefAxis] from Rack-4
2025-05-16 15:43:36,228 INFO  ExportHelperExtension.cs: 1136 - Found 75 in Rack-4
2025-05-16 15:43:36,232 INFO  ExportHelperExtension.cs: 1145 - Found 0 features of type [RefAxis] in Rack-4
2025-05-16 15:43:36,629 INFO  ExportPropertyManager.cs: 1142 - AfterClose called. This method no longer throws an Exception. It just silently does nothing. Ok, except for this logging message
2025-05-16 15:45:55,903 INFO  AssemblyExportForm.cs: 253 - Completing URDF export
2025-05-16 15:45:55,908 INFO  ConfigurationSerialization.cs: 276 - URDF Configuration found
<Link z:Id="i1" xmlns="http://schemas.datacontract.org/2004/07/SW2URDF" xmlns:i="http://www.w3.org/2001/XMLSchema-instance" xmlns:z="http://schemas.microsoft.com/2003/10/Serialization/"><Attributes><Attribute z:Id="i2"><AttributeType>name</AttributeType><IsRequired>true</IsRequired><Value i:type="a:string" xmlns:a="http://www.w3.org/2001/XMLSchema">base_link</Value></Attribute></Attributes><ChildElements><URDFElement z:Id="i3" i:type="Inertial"><Attributes/><ChildElements><URDFElement z:Id="i4" i:type="Origin"><Attributes><Attribute z:Id="i5"><AttributeType>xyz</AttributeType><IsRequired>true</IsRequired><Value i:type="a:ArrayOfdouble" xmlns:a="http://schemas.microsoft.com/2003/10/Serialization/Arrays"><a:double>0</a:double><a:double>0</a:double><a:double>0</a:double></Value></Attribute><Attribute z:Id="i6"><AttributeType>rpy</AttributeType><IsRequired>true</IsRequired><Value i:type="a:ArrayOfdouble" xmlns:a="http://schemas.microsoft.com/2003/10/Serialization/Arrays"><a:double>0</a:double><a:double>0</a:double><a:double>0</a:double></Value></Attribute></Attributes><ChildElements/><ElementName>origin</ElementName><required>false</required><RPYAttribute z:Ref="i6"/><XYZAttribute z:Ref="i5"/><isCustomized>false</isCustomized></URDFElement><URDFElement z:Id="i7" i:type="Mass"><Attributes><Attribute z:Id="i8"><AttributeType>value</AttributeType><IsRequired>true</IsRequired><Value i:type="a:double" xmlns:a="http://www.w3.org/2001/XMLSchema">0</Value></Attribute></Attributes><ChildElements/><ElementName>mass</ElementName><required>false</required><ValueAttribute z:Ref="i8"/></URDFElement><URDFElement z:Id="i9" i:type="Inertia"><Attributes><Attribute z:Id="i10"><AttributeType>ixx</AttributeType><IsRequired>true</IsRequired><Value i:type="a:double" xmlns:a="http://www.w3.org/2001/XMLSchema">0</Value></Attribute><Attribute z:Id="i11"><AttributeType>ixy</AttributeType><IsRequired>true</IsRequired><Value i:type="a:double" xmlns:a="http://www.w3.org/2001/XMLSchema">0</Value></Attribute><Attribute z:Id="i12"><AttributeType>ixz</AttributeType><IsRequired>true</IsRequired><Value i:type="a:double" xmlns:a="http://www.w3.org/2001/XMLSchema">0</Value></Attribute><Attribute z:Id="i13"><AttributeType>iyy</AttributeType><IsRequired>true</IsRequired><Value i:type="a:double" xmlns:a="http://www.w3.org/2001/XMLSchema">0</Value></Attribute><Attribute z:Id="i14"><AttributeType>iyz</AttributeType><IsRequired>true</IsRequired><Value i:type="a:double" xmlns:a="http://www.w3.org/2001/XMLSchema">0</Value></Attribute><Attribute z:Id="i15"><AttributeType>izz</AttributeType><IsRequired>true</IsRequired><Value i:type="a:double" xmlns:a="http://www.w3.org/2001/XMLSchema">0</Value></Attribute></Attributes><ChildElements/><ElementName>inertia</ElementName><required>false</required><IxxAttribute z:Ref="i10"/><IxyAttribute z:Ref="i11"/><IxzAttribute z:Ref="i12"/><IyyAttribute z:Ref="i13"/><IyzAttribute z:Ref="i14"/><IzzAttribute z:Ref="i15"/></URDFElement></ChildElements><ElementName>inertial</ElementName><required>false</required><Inertia z:Ref="i9"/><Mass z:Ref="i7"/><Origin z:Ref="i4"/></URDFElement><URDFElement z:Id="i16" i:type="Visual"><Attributes/><ChildElements><URDFElement z:Id="i17" i:type="Origin"><Attributes><Attribute z:Id="i18"><AttributeType>xyz</AttributeType><IsRequired>true</IsRequired><Value i:type="a:ArrayOfdouble" xmlns:a="http://schemas.microsoft.com/2003/10/Serialization/Arrays"><a:double>0</a:double><a:double>0</a:double><a:double>0</a:double></Value></Attribute><Attribute z:Id="i19"><AttributeType>rpy</AttributeType><IsRequired>true</IsRequired><Value i:type="a:ArrayOfdouble" xmlns:a="http://schemas.microsoft.com/2003/10/Serialization/Arrays"><a:double>0</a:double><a:double>0</a:double><a:double>0</a:double></Value></Attribute></Attributes><ChildElements/><ElementName>origin</ElementName><required>false</required><RPYAttribute z:Ref="i19"/><XYZAttribute z:Ref="i18"/><isCustomized>false</isCustomized></URDFElement><URDFElement z:Id="i20" i:type="Geometry"><Attributes/><ChildElements><URDFElement z:Id="i21" i:type="Mesh"><Attributes><Attribute z:Id="i22"><AttributeType>filename</AttributeType><IsRequired>true</IsRequired><Value i:nil="true"/></Attribute></Attributes><ChildElements/><ElementName>mesh</ElementName><required>false</required><FilenameAttribute z:Ref="i22"/></URDFElement></ChildElements><ElementName>geometry</ElementName><required>true</required><Mesh z:Ref="i21"/></URDFElement><URDFElement z:Id="i23" i:type="Material"><Attributes><Attribute z:Id="i24"><AttributeType>name</AttributeType><IsRequired>true</IsRequired><Value i:type="a:string" xmlns:a="http://www.w3.org/2001/XMLSchema"/></Attribute></Attributes><ChildElements><URDFElement z:Id="i25" i:type="Color"><Attributes><Attribute z:Id="i26"><AttributeType>rgba</AttributeType><IsRequired>true</IsRequired><Value i:type="a:ArrayOfdouble" xmlns:a="http://schemas.microsoft.com/2003/10/Serialization/Arrays"><a:double>1</a:double><a:double>1</a:double><a:double>1</a:double><a:double>1</a:double></Value></Attribute></Attributes><ChildElements/><ElementName>color</ElementName><required>false</required><RGBAAttribute z:Ref="i26"/></URDFElement><URDFElement z:Id="i27" i:type="Texture"><Attributes><Attribute z:Id="i28"><AttributeType>filename</AttributeType><IsRequired>true</IsRequired><Value i:nil="true"/></Attribute></Attributes><ChildElements/><ElementName>texture</ElementName><required>false</required><FilenameAttribute z:Ref="i28"/><wFilename/></URDFElement></ChildElements><ElementName>material</ElementName><required>false</required><Color z:Ref="i25"/><NameAttribute z:Ref="i24"/><Texture z:Ref="i27"/></URDFElement></ChildElements><ElementName>visual</ElementName><required>false</required><Geometry z:Ref="i20"/><Material z:Ref="i23"/><Origin z:Ref="i17"/></URDFElement><URDFElement z:Id="i29" i:type="Collision"><Attributes/><ChildElements><URDFElement z:Id="i30" i:type="Origin"><Attributes><Attribute z:Id="i31"><AttributeType>xyz</AttributeType><IsRequired>true</IsRequired><Value i:type="a:ArrayOfdouble" xmlns:a="http://schemas.microsoft.com/2003/10/Serialization/Arrays"><a:double>0</a:double><a:double>0</a:double><a:double>0</a:double></Value></Attribute><Attribute z:Id="i32"><AttributeType>rpy</AttributeType><IsRequired>true</IsRequired><Value i:type="a:ArrayOfdouble" xmlns:a="http://schemas.microsoft.com/2003/10/Serialization/Arrays"><a:double>0</a:double><a:double>0</a:double><a:double>0</a:double></Value></Attribute></Attributes><ChildElements/><ElementName>origin</ElementName><required>false</required><RPYAttribute z:Ref="i32"/><XYZAttribute z:Ref="i31"/><isCustomized>false</isCustomized></URDFElement><URDFElement z:Id="i33" i:type="Geometry"><Attributes/><ChildElements><URDFElement z:Id="i34" i:type="Mesh"><Attributes><Attribute z:Id="i35"><AttributeType>filename</AttributeType><IsRequired>true</IsRequired><Value i:nil="true"/></Attribute></Attributes><ChildElements/><ElementName>mesh</ElementName><required>false</required><FilenameAttribute z:Ref="i35"/></URDFElement></ChildElements><ElementName>geometry</ElementName><required>true</required><Mesh z:Ref="i34"/></URDFElement></ChildElements><ElementName>collision</ElementName><required>false</required><Geometry z:Ref="i33"/><Origin z:Ref="i30"/></URDFElement><URDFElement z:Id="i36" i:type="Joint"><Attributes><Attribute z:Id="i37"><AttributeType>name</AttributeType><IsRequired>true</IsRequired><Value i:type="a:string" xmlns:a="http://www.w3.org/2001/XMLSchema"/></Attribute><Attribute z:Id="i38"><AttributeType>type</AttributeType><IsRequired>true</IsRequired><Value i:type="a:string" xmlns:a="http://www.w3.org/2001/XMLSchema"/></Attribute></Attributes><ChildElements><URDFElement z:Id="i39" i:type="Origin"><Attributes><Attribute z:Id="i40"><AttributeType>xyz</AttributeType><IsRequired>true</IsRequired><Value i:type="a:ArrayOfdouble" xmlns:a="http://schemas.microsoft.com/2003/10/Serialization/Arrays"><a:double>0</a:double><a:double>0</a:double><a:double>0</a:double></Value></Attribute><Attribute z:Id="i41"><AttributeType>rpy</AttributeType><IsRequired>true</IsRequired><Value i:type="a:ArrayOfdouble" xmlns:a="http://schemas.microsoft.com/2003/10/Serialization/Arrays"><a:double>0</a:double><a:double>0</a:double><a:double>0</a:double></Value></Attribute></Attributes><ChildElements/><ElementName>origin</ElementName><required>false</required><RPYAttribute z:Ref="i41"/><XYZAttribute z:Ref="i40"/><isCustomized>false</isCustomized></URDFElement><URDFElement z:Id="i42" i:type="ParentLink"><Attributes><Attribute z:Id="i43"><AttributeType>link</AttributeType><IsRequired>true</IsRequired><Value i:type="a:string" xmlns:a="http://www.w3.org/2001/XMLSchema"/></Attribute></Attributes><ChildElements/><ElementName>parent</ElementName><required>true</required><NameAttribute z:Ref="i43"/></URDFElement><URDFElement z:Id="i44" i:type="ChildLink"><Attributes><Attribute z:Id="i45"><AttributeType>link</AttributeType><IsRequired>true</IsRequired><Value i:type="a:string" xmlns:a="http://www.w3.org/2001/XMLSchema"/></Attribute></Attributes><ChildElements/><ElementName>child</ElementName><required>true</required><NameAttribute z:Ref="i45"/></URDFElement><URDFElement z:Id="i46" i:type="Axis"><Attributes><Attribute z:Id="i47"><AttributeType>xyz</AttributeType><IsRequired>true</IsRequired><Value i:type="a:ArrayOfdouble" xmlns:a="http://schemas.microsoft.com/2003/10/Serialization/Arrays"><a:double>0</a:double><a:double>0</a:double><a:double>0</a:double></Value></Attribute></Attributes><ChildElements/><ElementName>axis</ElementName><required>false</required><XYZAttribute z:Ref="i47"/></URDFElement><URDFElement z:Id="i48" i:type="Limit"><Attributes><Attribute z:Id="i49"><AttributeType>lower</AttributeType><IsRequired>false</IsRequired><Value i:nil="true"/></Attribute><Attribute z:Id="i50"><AttributeType>upper</AttributeType><IsRequired>false</IsRequired><Value i:nil="true"/></Attribute><Attribute z:Id="i51"><AttributeType>effort</AttributeType><IsRequired>true</IsRequired><Value i:nil="true"/></Attribute><Attribute z:Id="i52"><AttributeType>velocity</AttributeType><IsRequired>true</IsRequired><Value i:nil="true"/></Attribute></Attributes><ChildElements/><ElementName>limit</ElementName><required>false</required><EffortAttribute z:Ref="i51"/><LowerAttribute z:Ref="i49"/><UpperAttribute z:Ref="i50"/><VelocityAttribute z:Ref="i52"/></URDFElement><URDFElement z:Id="i53" i:type="Calibration"><Attributes><Attribute z:Id="i54"><AttributeType>rising</AttributeType><IsRequired>false</IsRequired><Value i:nil="true"/></Attribute><Attribute z:Id="i55"><AttributeType>falling</AttributeType><IsRequired>false</IsRequired><Value i:nil="true"/></Attribute></Attributes><ChildElements/><ElementName>calibration</ElementName><required>false</required><FallingAttribute z:Ref="i55"/><RisingAttribute z:Ref="i54"/></URDFElement><URDFElement z:Id="i56" i:type="Dynamics"><Attributes><Attribute z:Id="i57"><AttributeType>damping</AttributeType><IsRequired>false</IsRequired><Value i:nil="true"/></Attribute><Attribute z:Id="i58"><AttributeType>friction</AttributeType><IsRequired>false</IsRequired><Value i:nil="true"/></Attribute></Attributes><ChildElements/><ElementName>dynamics</ElementName><required>false</required><DampingAttribute z:Ref="i57"/><FrictionAttribute z:Ref="i58"/></URDFElement><URDFElement z:Id="i59" i:type="SafetyController"><Attributes><Attribute z:Id="i60"><AttributeType>soft_upper_limit</AttributeType><IsRequired>false</IsRequired><Value i:nil="true"/></Attribute><Attribute z:Id="i61"><AttributeType>soft_lower_limit</AttributeType><IsRequired>false</IsRequired><Value i:nil="true"/></Attribute><Attribute z:Id="i62"><AttributeType>k_position</AttributeType><IsRequired>false</IsRequired><Value i:nil="true"/></Attribute><Attribute z:Id="i63"><AttributeType>k_velocity</AttributeType><IsRequired>true</IsRequired><Value i:nil="true"/></Attribute></Attributes><ChildElements/><ElementName>safety_controller</ElementName><required>false</required><KPositionAttribute z:Ref="i62"/><KVelocityAttribute z:Ref="i63"/><SoftLowerAttribute z:Ref="i61"/><SoftUpperAttribute z:Ref="i60"/></URDFElement><URDFElement z:Id="i64" i:type="Mimic"><Attributes><Attribute z:Id="i65"><AttributeType>joint</AttributeType><IsRequired>true</IsRequired><Value i:nil="true"/></Attribute><Attribute z:Id="i66"><AttributeType>multiplier</AttributeType><IsRequired>false</IsRequired><Value i:nil="true"/></Attribute><Attribute z:Id="i67"><AttributeType>offset</AttributeType><IsRequired>false</IsRequired><Value i:nil="true"/></Attribute></Attributes><ChildElements/><ElementName>mimic</ElementName><required>false</required><JointNameAttribute z:Ref="i65"/><MultiplierAttribute z:Ref="i66"/><OffsetAttribute z:Ref="i67"/></URDFElement></ChildElements><ElementName>joint</ElementName><required>false</required><Axis z:Ref="i46"/><AxisName/><Calibration z:Ref="i53"/><Child z:Ref="i44"/><CoordinateSystemName>Coordinate System3</CoordinateSystemName><Dynamics z:Ref="i56"/><Limit z:Ref="i48"/><Mimic z:Ref="i64"/><NameAttribute z:Ref="i37"/><Origin z:Ref="i39"/><Parent z:Ref="i42"/><Safety z:Ref="i59"/><TypeAttribute z:Ref="i38"/></URDFElement></ChildElements><ElementName>link</ElementName><required>true</required><Children/><Collision z:Ref="i29"/><Inertial z:Ref="i3"/><Joint z:Ref="i36"/><NameAttribute z:Ref="i2"/><Parent i:nil="true"/><STLQualityFine>false</STLQualityFine><SWComponentPIDs xmlns:a="http://schemas.microsoft.com/2003/10/Serialization/Arrays"/><SWMainComponentPID i:nil="true"/><Visual z:Ref="i16"/><isFixedFrame>false</isFixedFrame><isIncomplete>false</isIncomplete></Link>
2025-05-16 15:46:48,304 INFO  AssemblyExportForm.cs: 309 - Saving URDF package to C:\Users\dell\OneDrive\Desktop\solidworks design\URDF\Main arena
2025-05-16 15:46:48,307 INFO  ExportHelper.cs: 147 - Beginning the export process
2025-05-16 15:46:48,308 INFO  ExportHelper.cs: 153 - Creating package directories with name Main arena and save path C:\Users\dell\OneDrive\Desktop\solidworks design\URDF
2025-05-16 15:46:53,048 INFO  ExportHelper.cs: 162 - Creating CMakeLists.txt at C:\Users\dell\OneDrive\Desktop\solidworks design\URDF\Main arena\CMakeLists.txt
2025-05-16 15:46:53,051 INFO  ExportHelper.cs: 166 - Creating joint names config at C:\Users\dell\OneDrive\Desktop\solidworks design\URDF\Main arena\config\joint_names_Main arena.yaml
2025-05-16 15:46:53,054 INFO  ExportHelper.cs: 170 - Creating package.xml at C:\Users\dell\OneDrive\Desktop\solidworks design\URDF\Main arena\package.xml
2025-05-16 15:46:53,056 INFO  PackageXMLWriter.cs: 21 - Creating package.xml at C:\Users\dell\OneDrive\Desktop\solidworks design\URDF\Main arena\package.xml
2025-05-16 15:46:53,064 INFO  ExportHelper.cs: 177 - Creating RVIZ launch file in C:\Users\dell\OneDrive\Desktop\solidworks design\URDF\Main arena\launch\
2025-05-16 15:46:53,069 INFO  ExportHelper.cs: 182 - Creating Gazebo launch file in C:\Users\dell\OneDrive\Desktop\solidworks design\URDF\Main arena\launch\
2025-05-16 15:46:53,071 INFO  ExportHelper.cs: 187 - Saving existing STL preferences
2025-05-16 15:46:53,072 INFO  ExportHelper.cs: 450 - Saving users preferences
2025-05-16 15:46:53,074 INFO  ExportHelper.cs: 190 - Modifying STL preferences
2025-05-16 15:46:53,075 INFO  ExportHelper.cs: 464 - Setting STL preferences
2025-05-16 15:46:53,087 INFO  ExportHelper.cs: 196 - Found 0 hidden components 
2025-05-16 15:46:53,087 INFO  ExportHelper.cs: 197 - Hiding all components
2025-05-16 15:46:53,422 INFO  ExportHelper.cs: 204 - Beginning individual files export
2025-05-16 15:46:53,426 INFO  ExportHelper.cs: 270 - Exporting link: base_link
2025-05-16 15:46:53,427 INFO  ExportHelper.cs: 272 - Link base_link has 0 children
2025-05-16 15:46:53,429 INFO  ExportHelper.cs: 317 - base_link: Exporting STL with coordinate frame Coordinate System3
2025-05-16 15:46:53,429 INFO  ExportHelper.cs: 322 - base_link: Reference geometry name 
2025-05-16 15:46:53,657 INFO  ExportHelper.cs: 330 - Saving STL to C:\Users\dell\OneDrive\Desktop\solidworks design\URDF\Main arena\meshes\base_link.STL
2025-05-16 15:46:53,700 INFO  ExportHelper.cs: 405 - Removing SW header in STL file
2025-05-16 15:46:53,703 WARN  ExportHelper.cs: 408 - Correcting the STL C:\Users\dell\OneDrive\Desktop\solidworks design\URDF\Main arena\meshes\base_link.STL failed. This STL may not be readable by ROS or other CAD programs
System.IO.IOException: The process cannot access the file 'C:\Users\dell\OneDrive\Desktop\solidworks design\URDF\Main arena\meshes\base_link.STL' because it is being used by another process.
   at System.IO.__Error.WinIOError(Int32 errorCode, String maybeFullPath)
   at System.IO.FileStream.Init(String path, FileMode mode, FileAccess access, Int32 rights, Boolean useRights, FileShare share, Int32 bufferSize, FileOptions options, SECURITY_ATTRIBUTES secAttrs, String msgPath, Boolean bFromProxy, Boolean useLongPath, Boolean checkHost)
   at System.IO.FileStream..ctor(String path, FileMode mode, FileAccess access, FileShare share)
   at SW2URDF.URDFExport.ExportHelper.CorrectSTLMesh(String filename) in C:\Users\Stephen Brawner\workspace\solidworks_urdf_exporter\SW2URDF\URDFExport\ExportHelper.cs:line 408
2025-05-16 15:46:53,707 WARN  ExportHelper.cs: 343 - There was an issue exporting the STL for base_link. It may not be readable by CAD programs that aren't SolidWorks
2025-05-16 15:46:53,708 INFO  ExportHelper.cs: 145 - Showing all components except previously hidden components
2025-05-16 15:46:54,245 INFO  ExportHelper.cs: 145 - Resetting STL preferences
2025-05-16 15:46:54,245 INFO  ExportHelper.cs: 478 - Returning STL preferences to user preferences
2025-05-16 15:46:54,246 INFO  ExportHelper.cs: 228 - Writing URDF file to C:\Users\dell\OneDrive\Desktop\solidworks design\URDF\Main arena\urdf\Main arena.urdf
2025-05-16 15:46:54,358 INFO  CSVImportExport.cs: 32 - Writing CSV file C:\Users\dell\OneDrive\Desktop\solidworks design\URDF\Main arena\urdf\Main arena.csv
2025-05-16 15:46:54,383 ERROR CSVImportExport.cs: 130 - The following columns were not written to the CSV: Link.Joint.ChildLink.link,
2025-05-16 15:46:54,383 INFO  ExportHelper.cs: 234 - Copying log file
2025-05-16 15:46:54,387 INFO  ExportHelper.cs: 439 - Copying C:\Users\dell\sw2urdf_logs\sw2urdf.log to C:\Users\dell\OneDrive\Desktop\solidworks design\URDF\Main arena\export.log
